<?xml version="1.0" encoding="UTF-8"?>
<coverage generated="1568410996855" clover="3.2.0">
  <project timestamp="1568410996856" name="All files">
    <metrics statements="37" coveredstatements="36" conditionals="9" coveredconditionals="8" methods="17" coveredmethods="16" elements="63" coveredelements="60" complexity="0" loc="37" ncloc="37" packages="2" files="3" classes="3"/>
    <package name="src.domain">
      <metrics statements="27" coveredstatements="26" conditionals="9" coveredconditionals="8" methods="14" coveredmethods="13"/>
      <file name="newAhorcado.js" path="/Users/danielmaldonado/Projects/ahorcado/src/domain/newAhorcado.js">
        <metrics statements="17" coveredstatements="17" conditionals="7" coveredconditionals="7" methods="6" coveredmethods="6"/>
        <line num="2" count="32" type="stmt"/>
        <line num="3" count="32" type="stmt"/>
        <line num="4" count="7" type="stmt"/>
        <line num="5" count="7" type="stmt"/>
        <line num="7" count="7" type="stmt"/>
        <line num="13" count="23" type="stmt"/>
        <line num="14" count="96" type="stmt"/>
        <line num="15" count="23" type="cond" truecount="2" falsecount="0"/>
        <line num="16" count="11" type="stmt"/>
        <line num="18" count="11" type="cond" truecount="2" falsecount="0"/>
        <line num="19" count="10" type="stmt"/>
        <line num="24" count="1" type="stmt"/>
        <line num="28" count="12" type="stmt"/>
        <line num="30" count="12" type="cond" truecount="2" falsecount="0"/>
        <line num="31" count="1" type="stmt"/>
        <line num="33" count="11" type="stmt"/>
        <line num="42" count="3" type="stmt"/>
      </file>
      <file name="newPresenter.js" path="/Users/danielmaldonado/Projects/ahorcado/src/domain/newPresenter.js">
        <metrics statements="10" coveredstatements="9" conditionals="2" coveredconditionals="1" methods="8" coveredmethods="7"/>
        <line num="2" count="7" type="stmt"/>
        <line num="3" count="7" type="stmt"/>
        <line num="5" count="7" type="stmt"/>
        <line num="8" count="28" type="stmt"/>
        <line num="11" count="23" type="cond" truecount="1" falsecount="1"/>
        <line num="12" count="23" type="stmt"/>
        <line num="15" count="1" type="stmt"/>
        <line num="18" count="1" type="stmt"/>
        <line num="21" count="0" type="stmt"/>
        <line num="25" count="3" type="stmt"/>
      </file>
    </package>
    <package name="test">
      <metrics statements="10" coveredstatements="10" conditionals="0" coveredconditionals="0" methods="3" coveredmethods="3"/>
      <file name="InitGame.js" path="/Users/danielmaldonado/Projects/ahorcado/test/InitGame.js">
        <metrics statements="10" coveredstatements="10" conditionals="0" coveredconditionals="0" methods="3" coveredmethods="3"/>
        <line num="1" count="3" type="stmt"/>
        <line num="2" count="3" type="stmt"/>
        <line num="5" count="7" type="stmt"/>
        <line num="10" count="7" type="stmt"/>
        <line num="11" count="7" type="stmt"/>
        <line num="12" count="23" type="stmt"/>
        <line num="14" count="7" type="stmt"/>
        <line num="16" count="7" type="stmt"/>
        <line num="17" count="7" type="stmt"/>
        <line num="20" count="3" type="stmt"/>
      </file>
    </package>
  </project>
</coverage>
