<?xml version="1.0" encoding="UTF-8"?>
<coverage generated="1568473032254" clover="3.2.0">
  <project timestamp="1568473032255" name="All files">
    <metrics statements="48" coveredstatements="46" conditionals="11" coveredconditionals="10" methods="21" coveredmethods="19" elements="80" coveredelements="75" complexity="0" loc="48" ncloc="48" packages="2" files="5" classes="5"/>
    <package name="src.domain">
      <metrics statements="38" coveredstatements="36" conditionals="11" coveredconditionals="10" methods="18" coveredmethods="16"/>
      <file name="newAhorcado.js" path="/Users/danielmaldonado/Projects/ahorcado/src/domain/newAhorcado.js">
        <metrics statements="18" coveredstatements="18" conditionals="7" coveredconditionals="7" methods="6" coveredmethods="6"/>
        <line num="1" count="4" type="stmt"/>
        <line num="4" count="40" type="stmt"/>
        <line num="5" count="40" type="stmt"/>
        <line num="6" count="8" type="stmt"/>
        <line num="7" count="8" type="stmt"/>
        <line num="9" count="8" type="stmt"/>
        <line num="15" count="24" type="stmt"/>
        <line num="16" count="97" type="stmt"/>
        <line num="17" count="24" type="cond" truecount="2" falsecount="0"/>
        <line num="18" count="12" type="stmt"/>
        <line num="20" count="12" type="cond" truecount="2" falsecount="0"/>
        <line num="21" count="11" type="stmt"/>
        <line num="26" count="1" type="stmt"/>
        <line num="30" count="12" type="stmt"/>
        <line num="32" count="12" type="cond" truecount="2" falsecount="0"/>
        <line num="33" count="1" type="stmt"/>
        <line num="35" count="11" type="stmt"/>
        <line num="44" count="4" type="stmt"/>
      </file>
      <file name="newPresenter.js" path="/Users/danielmaldonado/Projects/ahorcado/src/domain/newPresenter.js">
        <metrics statements="13" coveredstatements="11" conditionals="2" coveredconditionals="1" methods="9" coveredmethods="7"/>
        <line num="2" count="8" type="stmt"/>
        <line num="4" count="24" type="cond" truecount="1" falsecount="1"/>
        <line num="5" count="24" type="stmt"/>
        <line num="8" count="0" type="stmt"/>
        <line num="10" count="8" type="stmt"/>
        <line num="11" count="8" type="stmt"/>
        <line num="13" count="8" type="stmt"/>
        <line num="16" count="30" type="stmt"/>
        <line num="19" count="1" type="stmt"/>
        <line num="22" count="1" type="stmt"/>
        <line num="23" count="1" type="stmt"/>
        <line num="26" count="0" type="stmt"/>
        <line num="31" count="4" type="stmt"/>
      </file>
      <file name="removeTildes.js" path="/Users/danielmaldonado/Projects/ahorcado/src/domain/removeTildes.js">
        <metrics statements="2" coveredstatements="2" conditionals="0" coveredconditionals="0" methods="1" coveredmethods="1"/>
        <line num="2" count="5" type="stmt"/>
        <line num="4" count="1" type="stmt"/>
      </file>
      <file name="replaceLetterInPlaceholders.js" path="/Users/danielmaldonado/Projects/ahorcado/src/domain/replaceLetterInPlaceholders.js">
        <metrics statements="5" coveredstatements="5" conditionals="2" coveredconditionals="2" methods="2" coveredmethods="2"/>
        <line num="3" count="14" type="stmt"/>
        <line num="4" count="58" type="cond" truecount="2" falsecount="0"/>
        <line num="5" count="17" type="stmt"/>
        <line num="8" count="14" type="stmt"/>
        <line num="10" count="5" type="stmt"/>
      </file>
    </package>
    <package name="test">
      <metrics statements="10" coveredstatements="10" conditionals="0" coveredconditionals="0" methods="3" coveredmethods="3"/>
      <file name="InitGame.js" path="/Users/danielmaldonado/Projects/ahorcado/test/InitGame.js">
        <metrics statements="10" coveredstatements="10" conditionals="0" coveredconditionals="0" methods="3" coveredmethods="3"/>
        <line num="1" count="4" type="stmt"/>
        <line num="2" count="4" type="stmt"/>
        <line num="5" count="8" type="stmt"/>
        <line num="10" count="8" type="stmt"/>
        <line num="11" count="8" type="stmt"/>
        <line num="12" count="24" type="stmt"/>
        <line num="14" count="8" type="stmt"/>
        <line num="16" count="8" type="stmt"/>
        <line num="17" count="8" type="stmt"/>
        <line num="20" count="4" type="stmt"/>
      </file>
    </package>
  </project>
</coverage>
