{"/Users/danielmaldonado/Projects/ahorcado/src/domain/newAhorcado.js": {"path":"/Users/danielmaldonado/Projects/ahorcado/src/domain/newAhorcado.js","statementMap":{"0":{"start":{"line":2,"column":18},"end":{"line":2,"column":74}},"1":{"start":{"line":2,"column":53},"end":{"line":2,"column":73}},"2":{"start":{"line":3,"column":21},"end":{"line":3,"column":42}},"3":{"start":{"line":3,"column":38},"end":{"line":3,"column":41}},"4":{"start":{"line":4,"column":14},"end":{"line":4,"column":16}},"5":{"start":{"line":5,"column":2},"end":{"line":40,"column":3}},"6":{"start":{"line":7,"column":6},"end":{"line":10,"column":8}},"7":{"start":{"line":13,"column":6},"end":{"line":13,"column":35}},"8":{"start":{"line":14,"column":20},"end":{"line":14,"column":56}},"9":{"start":{"line":14,"column":43},"end":{"line":14,"column":55}},"10":{"start":{"line":15,"column":6},"end":{"line":38,"column":7}},"11":{"start":{"line":16,"column":8},"end":{"line":16,"column":37}},"12":{"start":{"line":18,"column":8},"end":{"line":25,"column":9}},"13":{"start":{"line":19,"column":10},"end":{"line":22,"column":12}},"14":{"start":{"line":24,"column":10},"end":{"line":24,"column":37}},"15":{"start":{"line":28,"column":8},"end":{"line":28,"column":34}},"16":{"start":{"line":30,"column":8},"end":{"line":37,"column":9}},"17":{"start":{"line":31,"column":10},"end":{"line":31,"column":34}},"18":{"start":{"line":33,"column":10},"end":{"line":36,"column":12}},"19":{"start":{"line":42,"column":0},"end":{"line":42,"column":29}}},"fnMap":{"0":{"name":"newAhorcado","decl":{"start":{"line":1,"column":9},"end":{"line":1,"column":20}},"loc":{"start":{"line":1,"column":72},"end":{"line":41,"column":1}},"line":1},"1":{"name":"(anonymous_1)","decl":{"start":{"line":2,"column":43},"end":{"line":2,"column":44}},"loc":{"start":{"line":2,"column":53},"end":{"line":2,"column":73}},"line":2},"2":{"name":"(anonymous_2)","decl":{"start":{"line":3,"column":33},"end":{"line":3,"column":34}},"loc":{"start":{"line":3,"column":38},"end":{"line":3,"column":41}},"line":3},"3":{"name":"(anonymous_3)","decl":{"start":{"line":6,"column":4},"end":{"line":6,"column":5}},"loc":{"start":{"line":6,"column":22},"end":{"line":11,"column":5}},"line":6},"4":{"name":"(anonymous_4)","decl":{"start":{"line":12,"column":4},"end":{"line":12,"column":5}},"loc":{"start":{"line":12,"column":33},"end":{"line":39,"column":5}},"line":12},"5":{"name":"(anonymous_5)","decl":{"start":{"line":14,"column":38},"end":{"line":14,"column":39}},"loc":{"start":{"line":14,"column":43},"end":{"line":14,"column":55}},"line":14}},"branchMap":{"0":{"loc":{"start":{"line":1,"column":35},"end":{"line":1,"column":68}},"type":"default-arg","locations":[{"start":{"line":1,"column":67},"end":{"line":1,"column":68}}],"line":1},"1":{"loc":{"start":{"line":15,"column":6},"end":{"line":38,"column":7}},"type":"if","locations":[{"start":{"line":15,"column":6},"end":{"line":38,"column":7}},{"start":{"line":15,"column":6},"end":{"line":38,"column":7}}],"line":15},"2":{"loc":{"start":{"line":18,"column":8},"end":{"line":25,"column":9}},"type":"if","locations":[{"start":{"line":18,"column":8},"end":{"line":25,"column":9}},{"start":{"line":18,"column":8},"end":{"line":25,"column":9}}],"line":18},"3":{"loc":{"start":{"line":30,"column":8},"end":{"line":37,"column":9}},"type":"if","locations":[{"start":{"line":30,"column":8},"end":{"line":37,"column":9}},{"start":{"line":30,"column":8},"end":{"line":37,"column":9}}],"line":30}},"s":{"0":7,"1":32,"2":7,"3":32,"4":7,"5":7,"6":7,"7":23,"8":23,"9":96,"10":23,"11":11,"12":11,"13":10,"14":1,"15":12,"16":12,"17":1,"18":11,"19":3},"f":{"0":7,"1":32,"2":32,"3":7,"4":23,"5":96},"b":{"0":[6],"1":[11,12],"2":[10,1],"3":[1,11]},"_coverageSchema":"43e27e138ebf9cfc5966b082cf9a028302ed4184","hash":"25efddab32b66395b942743c1597e975351e61d3"}
,"/Users/danielmaldonado/Projects/ahorcado/src/domain/newPresenter.js": {"path":"/Users/danielmaldonado/Projects/ahorcado/src/domain/newPresenter.js","statementMap":{"0":{"start":{"line":2,"column":18},"end":{"line":2,"column":20}},"1":{"start":{"line":3,"column":2},"end":{"line":23,"column":3}},"2":{"start":{"line":5,"column":6},"end":{"line":5,"column":42}},"3":{"start":{"line":8,"column":6},"end":{"line":8,"column":31}},"4":{"start":{"line":11,"column":6},"end":{"line":11,"column":39}},"5":{"start":{"line":11,"column":32},"end":{"line":11,"column":39}},"6":{"start":{"line":12,"column":6},"end":{"line":12,"column":41}},"7":{"start":{"line":12,"column":30},"end":{"line":12,"column":40}},"8":{"start":{"line":15,"column":6},"end":{"line":15,"column":32}},"9":{"start":{"line":18,"column":6},"end":{"line":18,"column":29}},"10":{"start":{"line":21,"column":6},"end":{"line":21,"column":17}},"11":{"start":{"line":25,"column":0},"end":{"line":25,"column":30}}},"fnMap":{"0":{"name":"newPresenter","decl":{"start":{"line":1,"column":9},"end":{"line":1,"column":21}},"loc":{"start":{"line":1,"column":39},"end":{"line":24,"column":1}},"line":1},"1":{"name":"(anonymous_1)","decl":{"start":{"line":4,"column":4},"end":{"line":4,"column":5}},"loc":{"start":{"line":4,"column":44},"end":{"line":6,"column":5}},"line":4},"2":{"name":"(anonymous_2)","decl":{"start":{"line":7,"column":4},"end":{"line":7,"column":5}},"loc":{"start":{"line":7,"column":19},"end":{"line":9,"column":5}},"line":7},"3":{"name":"(anonymous_3)","decl":{"start":{"line":10,"column":4},"end":{"line":10,"column":5}},"loc":{"start":{"line":10,"column":32},"end":{"line":13,"column":5}},"line":10},"4":{"name":"(anonymous_4)","decl":{"start":{"line":12,"column":24},"end":{"line":12,"column":25}},"loc":{"start":{"line":12,"column":30},"end":{"line":12,"column":40}},"line":12},"5":{"name":"(anonymous_5)","decl":{"start":{"line":14,"column":4},"end":{"line":14,"column":5}},"loc":{"start":{"line":14,"column":22},"end":{"line":16,"column":5}},"line":14},"6":{"name":"(anonymous_6)","decl":{"start":{"line":17,"column":4},"end":{"line":17,"column":5}},"loc":{"start":{"line":17,"column":19},"end":{"line":19,"column":5}},"line":17},"7":{"name":"(anonymous_7)","decl":{"start":{"line":20,"column":4},"end":{"line":20,"column":5}},"loc":{"start":{"line":20,"column":18},"end":{"line":22,"column":5}},"line":20}},"branchMap":{"0":{"loc":{"start":{"line":11,"column":6},"end":{"line":11,"column":39}},"type":"if","locations":[{"start":{"line":11,"column":6},"end":{"line":11,"column":39}},{"start":{"line":11,"column":6},"end":{"line":11,"column":39}}],"line":11}},"s":{"0":7,"1":7,"2":7,"3":28,"4":23,"5":0,"6":23,"7":23,"8":1,"9":1,"10":0,"11":3},"f":{"0":7,"1":7,"2":28,"3":23,"4":23,"5":1,"6":1,"7":0},"b":{"0":[0,23]},"_coverageSchema":"43e27e138ebf9cfc5966b082cf9a028302ed4184","hash":"d3b1c4aa7e478ad92382ece35b393912af5dc643"}
,"/Users/danielmaldonado/Projects/ahorcado/test/InitGame.js": {"path":"/Users/danielmaldonado/Projects/ahorcado/test/InitGame.js","statementMap":{"0":{"start":{"line":1,"column":20},"end":{"line":1,"column":56}},"1":{"start":{"line":2,"column":21},"end":{"line":2,"column":58}},"2":{"start":{"line":5,"column":15},"end":{"line":9,"column":3}},"3":{"start":{"line":10,"column":15},"end":{"line":10,"column":34}},"4":{"start":{"line":11,"column":20},"end":{"line":11,"column":38}},"5":{"start":{"line":12,"column":2},"end":{"line":12,"column":86}},"6":{"start":{"line":12,"column":52},"end":{"line":12,"column":85}},"7":{"start":{"line":14,"column":2},"end":{"line":14,"column":24}},"8":{"start":{"line":16,"column":2},"end":{"line":18,"column":3}},"9":{"start":{"line":17,"column":26},"end":{"line":17,"column":51}},"10":{"start":{"line":20,"column":0},"end":{"line":20,"column":26}}},"fnMap":{"0":{"name":"InitGame","decl":{"start":{"line":4,"column":9},"end":{"line":4,"column":17}},"loc":{"start":{"line":4,"column":26},"end":{"line":19,"column":1}},"line":4},"1":{"name":"(anonymous_1)","decl":{"start":{"line":12,"column":42},"end":{"line":12,"column":43}},"loc":{"start":{"line":12,"column":52},"end":{"line":12,"column":85}},"line":12},"2":{"name":"(anonymous_2)","decl":{"start":{"line":17,"column":12},"end":{"line":17,"column":13}},"loc":{"start":{"line":17,"column":26},"end":{"line":17,"column":51}},"line":17}},"branchMap":{},"s":{"0":3,"1":3,"2":7,"3":7,"4":7,"5":7,"6":23,"7":7,"8":7,"9":7,"10":3},"f":{"0":7,"1":23,"2":7},"b":{},"_coverageSchema":"43e27e138ebf9cfc5966b082cf9a028302ed4184","hash":"3bd0047f8637b5ee04b8e9225967213d8034bafc"}
}
