{"/Users/danielmaldonado/Projects/ahorcado/src/domain/newAhorcado.js": {"path":"/Users/danielmaldonado/Projects/ahorcado/src/domain/newAhorcado.js","statementMap":{"0":{"start":{"line":1,"column":36},"end":{"line":1,"column":76}},"1":{"start":{"line":4,"column":18},"end":{"line":4,"column":74}},"2":{"start":{"line":4,"column":53},"end":{"line":4,"column":73}},"3":{"start":{"line":5,"column":21},"end":{"line":5,"column":42}},"4":{"start":{"line":5,"column":38},"end":{"line":5,"column":41}},"5":{"start":{"line":6,"column":14},"end":{"line":6,"column":16}},"6":{"start":{"line":7,"column":2},"end":{"line":42,"column":3}},"7":{"start":{"line":9,"column":6},"end":{"line":12,"column":8}},"8":{"start":{"line":15,"column":6},"end":{"line":15,"column":35}},"9":{"start":{"line":16,"column":20},"end":{"line":16,"column":56}},"10":{"start":{"line":16,"column":43},"end":{"line":16,"column":55}},"11":{"start":{"line":17,"column":6},"end":{"line":40,"column":7}},"12":{"start":{"line":18,"column":8},"end":{"line":18,"column":82}},"13":{"start":{"line":20,"column":8},"end":{"line":27,"column":9}},"14":{"start":{"line":21,"column":10},"end":{"line":24,"column":12}},"15":{"start":{"line":26,"column":10},"end":{"line":26,"column":37}},"16":{"start":{"line":30,"column":8},"end":{"line":30,"column":34}},"17":{"start":{"line":32,"column":8},"end":{"line":39,"column":9}},"18":{"start":{"line":33,"column":10},"end":{"line":33,"column":44}},"19":{"start":{"line":35,"column":10},"end":{"line":38,"column":12}},"20":{"start":{"line":44,"column":0},"end":{"line":44,"column":29}}},"fnMap":{"0":{"name":"newAhorcado","decl":{"start":{"line":3,"column":9},"end":{"line":3,"column":20}},"loc":{"start":{"line":3,"column":72},"end":{"line":43,"column":1}},"line":3},"1":{"name":"(anonymous_1)","decl":{"start":{"line":4,"column":43},"end":{"line":4,"column":44}},"loc":{"start":{"line":4,"column":53},"end":{"line":4,"column":73}},"line":4},"2":{"name":"(anonymous_2)","decl":{"start":{"line":5,"column":33},"end":{"line":5,"column":34}},"loc":{"start":{"line":5,"column":38},"end":{"line":5,"column":41}},"line":5},"3":{"name":"(anonymous_3)","decl":{"start":{"line":8,"column":4},"end":{"line":8,"column":5}},"loc":{"start":{"line":8,"column":22},"end":{"line":13,"column":5}},"line":8},"4":{"name":"(anonymous_4)","decl":{"start":{"line":14,"column":4},"end":{"line":14,"column":5}},"loc":{"start":{"line":14,"column":33},"end":{"line":41,"column":5}},"line":14},"5":{"name":"(anonymous_5)","decl":{"start":{"line":16,"column":38},"end":{"line":16,"column":39}},"loc":{"start":{"line":16,"column":43},"end":{"line":16,"column":55}},"line":16}},"branchMap":{"0":{"loc":{"start":{"line":3,"column":35},"end":{"line":3,"column":68}},"type":"default-arg","locations":[{"start":{"line":3,"column":67},"end":{"line":3,"column":68}}],"line":3},"1":{"loc":{"start":{"line":17,"column":6},"end":{"line":40,"column":7}},"type":"if","locations":[{"start":{"line":17,"column":6},"end":{"line":40,"column":7}},{"start":{"line":17,"column":6},"end":{"line":40,"column":7}}],"line":17},"2":{"loc":{"start":{"line":20,"column":8},"end":{"line":27,"column":9}},"type":"if","locations":[{"start":{"line":20,"column":8},"end":{"line":27,"column":9}},{"start":{"line":20,"column":8},"end":{"line":27,"column":9}}],"line":20},"3":{"loc":{"start":{"line":32,"column":8},"end":{"line":39,"column":9}},"type":"if","locations":[{"start":{"line":32,"column":8},"end":{"line":39,"column":9}},{"start":{"line":32,"column":8},"end":{"line":39,"column":9}}],"line":32}},"s":{"0":4,"1":8,"2":40,"3":8,"4":40,"5":8,"6":8,"7":8,"8":24,"9":24,"10":97,"11":24,"12":12,"13":12,"14":11,"15":1,"16":12,"17":12,"18":1,"19":11,"20":4},"f":{"0":8,"1":40,"2":40,"3":8,"4":24,"5":97},"b":{"0":[7],"1":[12,12],"2":[11,1],"3":[1,11]},"_coverageSchema":"43e27e138ebf9cfc5966b082cf9a028302ed4184","hash":"e5fcbc2a82f9398c22c8d0cb93d31d398e27ae14"}
,"/Users/danielmaldonado/Projects/ahorcado/src/domain/newPresenter.js": {"path":"/Users/danielmaldonado/Projects/ahorcado/src/domain/newPresenter.js","statementMap":{"0":{"start":{"line":2,"column":18},"end":{"line":2,"column":20}},"1":{"start":{"line":4,"column":4},"end":{"line":4,"column":37}},"2":{"start":{"line":4,"column":30},"end":{"line":4,"column":37}},"3":{"start":{"line":5,"column":4},"end":{"line":5,"column":39}},"4":{"start":{"line":5,"column":28},"end":{"line":5,"column":38}},"5":{"start":{"line":8,"column":4},"end":{"line":8,"column":30}},"6":{"start":{"line":10,"column":2},"end":{"line":10,"column":49}},"7":{"start":{"line":11,"column":2},"end":{"line":29,"column":3}},"8":{"start":{"line":13,"column":6},"end":{"line":13,"column":42}},"9":{"start":{"line":16,"column":6},"end":{"line":16,"column":31}},"10":{"start":{"line":19,"column":6},"end":{"line":19,"column":32}},"11":{"start":{"line":22,"column":6},"end":{"line":22,"column":56}},"12":{"start":{"line":23,"column":6},"end":{"line":23,"column":41}},"13":{"start":{"line":26,"column":6},"end":{"line":26,"column":17}},"14":{"start":{"line":31,"column":0},"end":{"line":31,"column":30}}},"fnMap":{"0":{"name":"newPresenter","decl":{"start":{"line":1,"column":9},"end":{"line":1,"column":21}},"loc":{"start":{"line":1,"column":39},"end":{"line":30,"column":1}},"line":1},"1":{"name":"dispatchInputLetter","decl":{"start":{"line":3,"column":11},"end":{"line":3,"column":30}},"loc":{"start":{"line":3,"column":39},"end":{"line":6,"column":3}},"line":3},"2":{"name":"(anonymous_2)","decl":{"start":{"line":5,"column":22},"end":{"line":5,"column":23}},"loc":{"start":{"line":5,"column":28},"end":{"line":5,"column":38}},"line":5},"3":{"name":"listener","decl":{"start":{"line":7,"column":11},"end":{"line":7,"column":19}},"loc":{"start":{"line":7,"column":23},"end":{"line":9,"column":3}},"line":7},"4":{"name":"(anonymous_4)","decl":{"start":{"line":12,"column":4},"end":{"line":12,"column":5}},"loc":{"start":{"line":12,"column":44},"end":{"line":14,"column":5}},"line":12},"5":{"name":"(anonymous_5)","decl":{"start":{"line":15,"column":4},"end":{"line":15,"column":5}},"loc":{"start":{"line":15,"column":19},"end":{"line":17,"column":5}},"line":15},"6":{"name":"(anonymous_6)","decl":{"start":{"line":18,"column":4},"end":{"line":18,"column":5}},"loc":{"start":{"line":18,"column":22},"end":{"line":20,"column":5}},"line":18},"7":{"name":"(anonymous_7)","decl":{"start":{"line":21,"column":4},"end":{"line":21,"column":5}},"loc":{"start":{"line":21,"column":29},"end":{"line":24,"column":5}},"line":21},"8":{"name":"(anonymous_8)","decl":{"start":{"line":25,"column":4},"end":{"line":25,"column":5}},"loc":{"start":{"line":25,"column":18},"end":{"line":27,"column":5}},"line":25}},"branchMap":{"0":{"loc":{"start":{"line":4,"column":4},"end":{"line":4,"column":37}},"type":"if","locations":[{"start":{"line":4,"column":4},"end":{"line":4,"column":37}},{"start":{"line":4,"column":4},"end":{"line":4,"column":37}}],"line":4}},"s":{"0":8,"1":24,"2":0,"3":24,"4":24,"5":0,"6":8,"7":8,"8":8,"9":30,"10":1,"11":1,"12":1,"13":0,"14":4},"f":{"0":8,"1":24,"2":24,"3":0,"4":8,"5":30,"6":1,"7":1,"8":0},"b":{"0":[0,24]},"_coverageSchema":"43e27e138ebf9cfc5966b082cf9a028302ed4184","hash":"c175cc7949b0874d683f18892f48265c1eec2e1e"}
,"/Users/danielmaldonado/Projects/ahorcado/src/domain/removeTildes.js": {"path":"/Users/danielmaldonado/Projects/ahorcado/src/domain/removeTildes.js","statementMap":{"0":{"start":{"line":2,"column":2},"end":{"line":2,"column":62}},"1":{"start":{"line":4,"column":0},"end":{"line":4,"column":29}}},"fnMap":{"0":{"name":"removeTildes","decl":{"start":{"line":1,"column":9},"end":{"line":1,"column":21}},"loc":{"start":{"line":1,"column":28},"end":{"line":3,"column":1}},"line":1}},"branchMap":{},"s":{"0":5,"1":1},"f":{"0":5},"b":{},"_coverageSchema":"43e27e138ebf9cfc5966b082cf9a028302ed4184","hash":"65f6e83cda647e1c9fd4a06356241e1166558fec"}
,"/Users/danielmaldonado/Projects/ahorcado/src/domain/replaceLetterInPlaceholders.js": {"path":"/Users/danielmaldonado/Projects/ahorcado/src/domain/replaceLetterInPlaceholders.js","statementMap":{"0":{"start":{"line":3,"column":2},"end":{"line":7,"column":4}},"1":{"start":{"line":4,"column":4},"end":{"line":6,"column":5}},"2":{"start":{"line":5,"column":6},"end":{"line":5,"column":34}},"3":{"start":{"line":8,"column":2},"end":{"line":8,"column":21}},"4":{"start":{"line":10,"column":0},"end":{"line":10,"column":44}}},"fnMap":{"0":{"name":"replaceLetterInPlaceholders","decl":{"start":{"line":1,"column":9},"end":{"line":1,"column":36}},"loc":{"start":{"line":1,"column":75},"end":{"line":9,"column":1}},"line":1},"1":{"name":"(anonymous_1)","decl":{"start":{"line":3,"column":18},"end":{"line":3,"column":19}},"loc":{"start":{"line":3,"column":37},"end":{"line":7,"column":3}},"line":3}},"branchMap":{"0":{"loc":{"start":{"line":4,"column":4},"end":{"line":6,"column":5}},"type":"if","locations":[{"start":{"line":4,"column":4},"end":{"line":6,"column":5}},{"start":{"line":4,"column":4},"end":{"line":6,"column":5}}],"line":4}},"s":{"0":14,"1":58,"2":17,"3":14,"4":5},"f":{"0":14,"1":58},"b":{"0":[17,41]},"_coverageSchema":"43e27e138ebf9cfc5966b082cf9a028302ed4184","hash":"58d16dc5dab4fb20eb8a2f07ee90353f4b17beab"}
,"/Users/danielmaldonado/Projects/ahorcado/test/InitGame.js": {"path":"/Users/danielmaldonado/Projects/ahorcado/test/InitGame.js","statementMap":{"0":{"start":{"line":1,"column":20},"end":{"line":1,"column":56}},"1":{"start":{"line":2,"column":21},"end":{"line":2,"column":58}},"2":{"start":{"line":5,"column":15},"end":{"line":9,"column":3}},"3":{"start":{"line":10,"column":15},"end":{"line":10,"column":34}},"4":{"start":{"line":11,"column":20},"end":{"line":11,"column":38}},"5":{"start":{"line":12,"column":2},"end":{"line":12,"column":86}},"6":{"start":{"line":12,"column":52},"end":{"line":12,"column":85}},"7":{"start":{"line":14,"column":2},"end":{"line":14,"column":24}},"8":{"start":{"line":16,"column":2},"end":{"line":18,"column":3}},"9":{"start":{"line":17,"column":26},"end":{"line":17,"column":51}},"10":{"start":{"line":20,"column":0},"end":{"line":20,"column":26}}},"fnMap":{"0":{"name":"InitGame","decl":{"start":{"line":4,"column":9},"end":{"line":4,"column":17}},"loc":{"start":{"line":4,"column":26},"end":{"line":19,"column":1}},"line":4},"1":{"name":"(anonymous_1)","decl":{"start":{"line":12,"column":42},"end":{"line":12,"column":43}},"loc":{"start":{"line":12,"column":52},"end":{"line":12,"column":85}},"line":12},"2":{"name":"(anonymous_2)","decl":{"start":{"line":17,"column":12},"end":{"line":17,"column":13}},"loc":{"start":{"line":17,"column":26},"end":{"line":17,"column":51}},"line":17}},"branchMap":{},"s":{"0":4,"1":4,"2":8,"3":8,"4":8,"5":8,"6":24,"7":8,"8":8,"9":8,"10":4},"f":{"0":8,"1":24,"2":8},"b":{},"_coverageSchema":"43e27e138ebf9cfc5966b082cf9a028302ed4184","hash":"3bd0047f8637b5ee04b8e9225967213d8034bafc"}
}
