TN:
SF:/Users/danielmaldonado/Projects/ahorcado/src/domain/newAhorcado.js
FN:1,newAhorcado
FN:2,(anonymous_1)
FN:3,(anonymous_2)
FN:6,(anonymous_3)
FN:12,(anonymous_4)
FN:14,(anonymous_5)
FNF:6
FNH:6
FNDA:7,newAhorcado
FNDA:32,(anonymous_1)
FNDA:32,(anonymous_2)
FNDA:7,(anonymous_3)
FNDA:23,(anonymous_4)
FNDA:96,(anonymous_5)
DA:2,32
DA:3,32
DA:4,7
DA:5,7
DA:7,7
DA:13,23
DA:14,96
DA:15,23
DA:16,11
DA:18,11
DA:19,10
DA:24,1
DA:28,12
DA:30,12
DA:31,1
DA:33,11
DA:42,3
LF:17
LH:17
BRDA:1,0,0,6
BRDA:15,1,0,11
BRDA:15,1,1,12
BRDA:18,2,0,10
BRDA:18,2,1,1
BRDA:30,3,0,1
BRDA:30,3,1,11
BRF:7
BRH:7
end_of_record
TN:
SF:/Users/danielmaldonado/Projects/ahorcado/src/domain/newPresenter.js
FN:1,newPresenter
FN:4,(anonymous_1)
FN:7,(anonymous_2)
FN:10,(anonymous_3)
FN:12,(anonymous_4)
FN:14,(anonymous_5)
FN:17,(anonymous_6)
FN:20,(anonymous_7)
FNF:8
FNH:7
FNDA:7,newPresenter
FNDA:7,(anonymous_1)
FNDA:28,(anonymous_2)
FNDA:23,(anonymous_3)
FNDA:23,(anonymous_4)
FNDA:1,(anonymous_5)
FNDA:1,(anonymous_6)
FNDA:0,(anonymous_7)
DA:2,7
DA:3,7
DA:5,7
DA:8,28
DA:11,23
DA:12,23
DA:15,1
DA:18,1
DA:21,0
DA:25,3
LF:10
LH:9
BRDA:11,0,0,0
BRDA:11,0,1,23
BRF:2
BRH:1
end_of_record
TN:
SF:/Users/danielmaldonado/Projects/ahorcado/test/InitGame.js
FN:4,InitGame
FN:12,(anonymous_1)
FN:17,(anonymous_2)
FNF:3
FNH:3
FNDA:7,InitGame
FNDA:23,(anonymous_1)
FNDA:7,(anonymous_2)
DA:1,3
DA:2,3
DA:5,7
DA:10,7
DA:11,7
DA:12,23
DA:14,7
DA:16,7
DA:17,7
DA:20,3
LF:10
LH:10
BRF:0
BRH:0
end_of_record
