TN:
SF:/Users/danielmaldonado/Projects/ahorcado/src/domain/newAhorcado.js
FN:3,newAhorcado
FN:4,(anonymous_1)
FN:5,(anonymous_2)
FN:8,(anonymous_3)
FN:14,(anonymous_4)
FN:16,(anonymous_5)
FNF:6
FNH:6
FNDA:8,newAhorcado
FNDA:40,(anonymous_1)
FNDA:40,(anonymous_2)
FNDA:8,(anonymous_3)
FNDA:24,(anonymous_4)
FNDA:97,(anonymous_5)
DA:1,4
DA:4,40
DA:5,40
DA:6,8
DA:7,8
DA:9,8
DA:15,24
DA:16,97
DA:17,24
DA:18,12
DA:20,12
DA:21,11
DA:26,1
DA:30,12
DA:32,12
DA:33,1
DA:35,11
DA:44,4
LF:18
LH:18
BRDA:3,0,0,7
BRDA:17,1,0,12
BRDA:17,1,1,12
BRDA:20,2,0,11
BRDA:20,2,1,1
BRDA:32,3,0,1
BRDA:32,3,1,11
BRF:7
BRH:7
end_of_record
TN:
SF:/Users/danielmaldonado/Projects/ahorcado/src/domain/newPresenter.js
FN:1,newPresenter
FN:3,dispatchInputLetter
FN:5,(anonymous_2)
FN:7,listener
FN:12,(anonymous_4)
FN:15,(anonymous_5)
FN:18,(anonymous_6)
FN:21,(anonymous_7)
FN:25,(anonymous_8)
FNF:9
FNH:7
FNDA:8,newPresenter
FNDA:24,dispatchInputLetter
FNDA:24,(anonymous_2)
FNDA:0,listener
FNDA:8,(anonymous_4)
FNDA:30,(anonymous_5)
FNDA:1,(anonymous_6)
FNDA:1,(anonymous_7)
FNDA:0,(anonymous_8)
DA:2,8
DA:4,24
DA:5,24
DA:8,0
DA:10,8
DA:11,8
DA:13,8
DA:16,30
DA:19,1
DA:22,1
DA:23,1
DA:26,0
DA:31,4
LF:13
LH:11
BRDA:4,0,0,0
BRDA:4,0,1,24
BRF:2
BRH:1
end_of_record
TN:
SF:/Users/danielmaldonado/Projects/ahorcado/src/domain/removeTildes.js
FN:1,removeTildes
FNF:1
FNH:1
FNDA:5,removeTildes
DA:2,5
DA:4,1
LF:2
LH:2
BRF:0
BRH:0
end_of_record
TN:
SF:/Users/danielmaldonado/Projects/ahorcado/src/domain/replaceLetterInPlaceholders.js
FN:1,replaceLetterInPlaceholders
FN:3,(anonymous_1)
FNF:2
FNH:2
FNDA:14,replaceLetterInPlaceholders
FNDA:58,(anonymous_1)
DA:3,14
DA:4,58
DA:5,17
DA:8,14
DA:10,5
LF:5
LH:5
BRDA:4,0,0,17
BRDA:4,0,1,41
BRF:2
BRH:2
end_of_record
TN:
SF:/Users/danielmaldonado/Projects/ahorcado/test/InitGame.js
FN:4,InitGame
FN:12,(anonymous_1)
FN:17,(anonymous_2)
FNF:3
FNH:3
FNDA:8,InitGame
FNDA:24,(anonymous_1)
FNDA:8,(anonymous_2)
DA:1,4
DA:2,4
DA:5,8
DA:10,8
DA:11,8
DA:12,24
DA:14,8
DA:16,8
DA:17,8
DA:20,4
LF:10
LH:10
BRF:0
BRH:0
end_of_record
